<?xml version="1.0" encoding="UTF-8"?>
<!-- Generated by org.testng.reporters.JUnitReportReporter -->
<testsuite hostname="DESKTOP-C00EN1E" failures="0" tests="1" name="testing.ParametersExample" time="0.012" errors="0" timestamp="2021-06-16T22:45:56 PDT" skipped="0">
  <testcase classname="testing.ParametersExample" name="getparameter" time="0.012"/>
  <system-out/>
</testsuite> <!-- testing.ParametersExample -->
