<?xml version="1.0" encoding="UTF-8"?>
<!-- Generated by org.testng.reporters.JUnitReportReporter -->
<testsuite hostname="DESKTOP-C00EN1E" failures="0" tests="3" name="testing.DependenciesMange" time="0.015" errors="0" timestamp="2021-06-17T00:51:30 PDT" skipped="0">
  <testcase classname="testing.DependenciesMange" name="higherSchool" time="0.003"/>
  <system-out/>
  <testcase classname="testing.DependenciesMange" name="school" time="0.011"/>
  <system-out/>
  <testcase classname="testing.DependenciesMange" name="collage" time="0.001"/>
  <system-out/>
</testsuite> <!-- testing.DependenciesMange -->
