<?xml version="1.0" encoding="UTF-8"?>
<!-- Generated by org.testng.reporters.JUnitReportReporter -->
<testsuite hostname="DESKTOP-C00EN1E" failures="0" tests="4" name="com.test.SkipExample" time="0.018" errors="0" timestamp="2021-06-16T09:44:03 PDT" skipped="1">
  <testcase classname="com.test.SkipExample" name="carstart" time="0.011"/>
  <system-out/>
  <testcase classname="com.test.SkipExample" name="gotkey" time="0.005"/>
  <system-out/>
  <testcase classname="com.test.SkipExample" name="sit" time="0.002"/>
  <system-out/>
  <testcase classname="com.test.SkipExample" name="onradio">
    <skipped/>
  </testcase> <!-- onradio -->
  <system-out/>
</testsuite> <!-- com.test.SkipExample -->
