<?xml version="1.0" encoding="UTF-8"?>
<!-- Generated by org.testng.reporters.JUnitReportReporter -->
<testsuite hostname="DESKTOP-C00EN1E" failures="0" tests="3" name="com.test.DependenciesMange" time="0.018" errors="0" timestamp="2021-06-16T10:02:43 PDT" skipped="0">
  <testcase classname="com.test.DependenciesMange" name="higherSchool" time="0.001"/>
  <system-out/>
  <testcase classname="com.test.DependenciesMange" name="collage" time="0.004"/>
  <system-out/>
  <testcase classname="com.test.DependenciesMange" name="school" time="0.013"/>
  <system-out/>
</testsuite> <!-- com.test.DependenciesMange -->
