<?xml version="1.0" encoding="UTF-8"?>
<!-- Generated by org.testng.reporters.JUnitReportReporter -->
<testsuite hostname="DESKTOP-C00EN1E" failures="0" tests="4" name="testing.Example2" time="0.031" errors="0" timestamp="2021-06-16T22:45:14 PDT" skipped="0">
  <testcase classname="testing.Example2" name="carStart" time="0.005"/>
  <system-out/>
  <testcase classname="testing.Example2" name="putfirstgear" time="0.005"/>
  <system-out/>
  <testcase classname="testing.Example2" name="putsecondtgear" time="0.006"/>
  <system-out/>
  <testcase classname="testing.Example2" name="putthirdgear" time="0.015"/>
  <system-out/>
</testsuite> <!-- testing.Example2 -->
