<?xml version="1.0" encoding="UTF-8"?>
<!-- Generated by org.testng.reporters.JUnitReportReporter -->
<testsuite hostname="DESKTOP-C00EN1E" failures="0" tests="3" name="com.test.TestSuite1" time="35.502" errors="0" timestamp="2021-06-16T19:49:11 PDT" skipped="0">
  <testcase classname="com.test.TestSuite1" name="opengoogle" time="5.297"/>
  <system-out/>
  <testcase classname="com.test.TestSuite1" name="getyahoo" time="21.915"/>
  <system-out/>
  <testcase classname="com.test.TestSuite1" name="getBing" time="8.290"/>
  <system-out/>
</testsuite> <!-- com.test.TestSuite1 -->
