<?xml version="1.0" encoding="UTF-8"?>
<!-- Generated by org.testng.reporters.JUnitReportReporter -->
<testsuite hostname="DESKTOP-C00EN1E" failures="0" tests="2" name="testing.ParallelExam" time="14.305" errors="0" timestamp="2021-06-16T23:09:24 PDT" skipped="0">
  <testcase classname="testing.ParallelExam" name="opengoogle" time="7.800"/>
  <system-out/>
  <testcase classname="testing.ParallelExam" name="openbing" time="6.505"/>
  <system-out/>
</testsuite> <!-- testing.ParallelExam -->
