<?xml version="1.0" encoding="UTF-8"?>
<!-- Generated by org.testng.reporters.JUnitReportReporter -->
<testsuite hostname="DESKTOP-C00EN1E" failures="0" tests="4" name="testing.GroupTest" time="0.029" errors="0" timestamp="2021-06-16T22:26:47 PDT" skipped="0">
  <testcase classname="testing.GroupTest" name="apple2" time="0.002"/>
  <system-out/>
  <testcase classname="testing.GroupTest" name="moto2" time="0.010"/>
  <system-out/>
  <testcase classname="testing.GroupTest" name="moto1" time="0.007"/>
  <system-out/>
  <testcase classname="testing.GroupTest" name="apple1" time="0.010"/>
  <system-out/>
</testsuite> <!-- testing.GroupTest -->
