<?xml version="1.0" encoding="UTF-8"?>
<!-- Generated by org.testng.reporters.JUnitReportReporter -->
<testsuite hostname="DESKTOP-C00EN1E" failures="0" tests="3" name="testing.Testsuite2Shorttime" time="35.113" errors="0" timestamp="2021-06-17T05:00:13 PDT" skipped="0">
  <testcase classname="testing.Testsuite2Shorttime" name="opengoogle" time="4.060"/>
  <system-out/>
  <testcase classname="testing.Testsuite2Shorttime" name="openbing" time="0.854"/>
  <system-out/>
  <testcase classname="testing.Testsuite2Shorttime" name="openyahoo" time="30.199"/>
  <system-out/>
</testsuite> <!-- testing.Testsuite2Shorttime -->
