<?xml version="1.0" encoding="UTF-8"?>
<!-- Generated by org.testng.reporters.JUnitReportReporter -->
<testsuite hostname="DESKTOP-C00EN1E" failures="0" tests="4" name="testing.SkipExample" time="0.017" errors="0" timestamp="2021-06-17T04:41:41 PDT" skipped="1">
  <testcase classname="testing.SkipExample" name="carstart" time="0.010"/>
  <system-out/>
  <testcase classname="testing.SkipExample" name="gotkey" time="0.002"/>
  <system-out/>
  <testcase classname="testing.SkipExample" name="sit" time="0.005"/>
  <system-out/>
  <testcase classname="testing.SkipExample" name="onradio">
    <skipped/>
  </testcase> <!-- onradio -->
  <system-out/>
</testsuite> <!-- testing.SkipExample -->
