<?xml version="1.0" encoding="UTF-8"?>
<!-- Generated by org.testng.reporters.JUnitReportReporter -->
<testsuite hostname="DESKTOP-C00EN1E" failures="0" tests="3" name="testing.Frst" time="0.024" errors="0" timestamp="2021-06-17T04:39:31 PDT" skipped="0">
  <testcase classname="testing.Frst" name="secndTest" time="0.004"/>
  <system-out/>
  <testcase classname="testing.Frst" name="frstTest" time="0.017"/>
  <system-out/>
  <testcase classname="testing.Frst" name="thirdTest" time="0.003"/>
  <system-out/>
</testsuite> <!-- testing.Frst -->
