<?xml version="1.0" encoding="UTF-8"?>
<!-- Generated by org.testng.reporters.JUnitReportReporter -->
<testsuite hostname="DESKTOP-C00EN1E" failures="0" tests="3" name="com.test.Frst" time="0.045" errors="0" timestamp="2021-06-16T06:24:17 PDT" skipped="0">
  <testcase classname="com.test.Frst" name="frstTest" time="0.041"/>
  <system-out/>
  <testcase classname="com.test.Frst" name="secndTest" time="0.003"/>
  <system-out/>
  <testcase classname="com.test.Frst" name="thirdTest" time="0.001"/>
  <system-out/>
</testsuite> <!-- com.test.Frst -->
