<?xml version="1.0" encoding="UTF-8"?>
<!-- Generated by org.testng.reporters.JUnitReportReporter -->
<testsuite hostname="DESKTOP-C00EN1E" failures="0" tests="1" name="testing.Assertequal" time="0.010" errors="0" timestamp="2021-06-16T23:52:51 PDT" skipped="0">
  <testcase classname="testing.Assertequal" name="Check" time="0.010"/>
  <system-out/>
</testsuite> <!-- testing.Assertequal -->
