<?xml version="1.0" encoding="UTF-8"?>
<!-- Generated by org.testng.reporters.JUnitReportReporter -->
<testsuite hostname="DESKTOP-C00EN1E" failures="0" tests="3" name="com.test.Testsuite2Shorttime" time="14.375" errors="0" timestamp="2021-06-16T20:19:47 PDT" skipped="0">
  <testcase classname="com.test.Testsuite2Shorttime" name="openbing" time="1.593"/>
  <system-out/>
  <testcase classname="com.test.Testsuite2Shorttime" name="openyahoo" time="10.533"/>
  <system-out/>
  <testcase classname="com.test.Testsuite2Shorttime" name="opengoogle" time="2.249"/>
  <system-out/>
</testsuite> <!-- com.test.Testsuite2Shorttime -->
