<?xml version="1.0" encoding="UTF-8"?>
<!-- Generated by org.testng.reporters.JUnitReportReporter -->
<testsuite hostname="DESKTOP-C00EN1E" failures="0" tests="1" name="com.test.SecondExample" time="0.010" errors="0" timestamp="2021-06-16T06:51:14 PDT" skipped="0">
  <testcase classname="com.test.SecondExample" name="putFourthgear" time="0.010"/>
  <system-out/>
</testsuite> <!-- com.test.SecondExample -->
