<?xml version="1.0" encoding="UTF-8"?>
<!-- Generated by org.testng.reporters.JUnitReportReporter -->
<testsuite hostname="DESKTOP-C00EN1E" failures="0" tests="4" name="testing.ExecuteNumberofTest" time="0.028" errors="0" timestamp="2021-06-23T06:26:53 PDT" skipped="0">
  <testcase classname="testing.ExecuteNumberofTest" name="test" time="0.002"/>
  <system-out/>
  <testcase classname="testing.ExecuteNumberofTest" name="test" time="0.002"/>
  <system-out/>
  <testcase classname="testing.ExecuteNumberofTest" name="test" time="0.020"/>
  <system-out/>
  <testcase classname="testing.ExecuteNumberofTest" name="test" time="0.004"/>
  <system-out/>
</testsuite> <!-- testing.ExecuteNumberofTest -->
