<?xml version="1.0" encoding="UTF-8"?>
<!-- Generated by org.testng.reporters.JUnitReportReporter -->
<testsuite hostname="DESKTOP-C00EN1E" failures="0" tests="4" name="com.test.Example2" time="0.023" errors="0" timestamp="2021-06-16T06:57:46 PDT" skipped="0">
  <testcase classname="com.test.Example2" name="carStart" time="0.011"/>
  <system-out/>
  <testcase classname="com.test.Example2" name="putfirstgear" time="0.004"/>
  <system-out/>
  <testcase classname="com.test.Example2" name="putsecondtgear" time="0.004"/>
  <system-out/>
  <testcase classname="com.test.Example2" name="putthirdgear" time="0.004"/>
  <system-out/>
</testsuite> <!-- com.test.Example2 -->
